<?xml version="1.0" encoding="UTF-8"?>
<!-- Generated by org.testng.reporters.JUnitReportReporter -->
<testsuite hostname="Panther-truyend" failures="0" tests="1" name="tests.TextBoxTests" time="14.858" errors="0" timestamp="2022-08-26T10:17:47 ICT" skipped="0">
  <testcase classname="tests.TextBoxTests" name="emailFormatIsWrong" time="14.858"/>
  <system-out/>
</testsuite> <!-- tests.TextBoxTests -->
