<?xml version="1.0" encoding="UTF-8"?>
<!-- Generated by org.testng.reporters.JUnitReportReporter -->
<testsuite hostname="Admin" failures="0" tests="1" name="tests.PracticeFormTest" time="21.618" errors="0" timestamp="2022-07-12T17:17:34 ICT" skipped="0">
  <testcase classname="tests.PracticeFormTest" name="submitDataSuccessfully" time="21.618"/>
  <system-out/>
</testsuite> <!-- tests.PracticeFormTest -->
