<?xml version="1.0" encoding="UTF-8"?>
<!-- Generated by org.testng.reporters.JUnitReportReporter -->
<testsuite hostname="Panther-truyend" failures="0" tests="1" name="tests.PracticeFormTest" time="37.188" errors="0" timestamp="2022-08-24T14:43:26 ICT" skipped="0">
  <testcase classname="tests.PracticeFormTest" name="clickButtonSuccessfully" time="37.188"/>
  <system-out/>
</testsuite> <!-- tests.PracticeFormTest -->
