<?xml version="1.0" encoding="UTF-8"?>
<!-- Generated by org.testng.reporters.JUnitReportReporter -->
<testsuite hostname="Panther-truyend" failures="0" tests="1" name="tests.CheckBoxTest" time="8.985" errors="0" timestamp="2022-08-25T18:01:35 ICT" skipped="0">
  <testcase classname="tests.CheckBoxTest" name="clickCheckBoxSuccessfully" time="8.985"/>
  <system-out/>
</testsuite> <!-- tests.CheckBoxTest -->
